Determining if the pthread_create exist failed with the following output:
Change Dir: /home/amey/NDT_GPU_Autoware/autoware-623c51c8dc29f2d9d66ed6cbd39bcfb1d45183b7-ros-src-computing-perception-localization-lib-ndt_gpu/ros/src/computing/perception/localization/lib/ndt_gpu/src/CMakeFiles/CMakeTmp

Run Build Command:"/usr/bin/make" "cmTC_080d5/fast"
/usr/bin/make -f CMakeFiles/cmTC_080d5.dir/build.make CMakeFiles/cmTC_080d5.dir/build
make[1]: Entering directory '/home/amey/NDT_GPU_Autoware/autoware-623c51c8dc29f2d9d66ed6cbd39bcfb1d45183b7-ros-src-computing-perception-localization-lib-ndt_gpu/ros/src/computing/perception/localization/lib/ndt_gpu/src/CMakeFiles/CMakeTmp'
Building C object CMakeFiles/cmTC_080d5.dir/CheckSymbolExists.c.o
/usr/bin/cc     -o CMakeFiles/cmTC_080d5.dir/CheckSymbolExists.c.o   -c /home/amey/NDT_GPU_Autoware/autoware-623c51c8dc29f2d9d66ed6cbd39bcfb1d45183b7-ros-src-computing-perception-localization-lib-ndt_gpu/ros/src/computing/perception/localization/lib/ndt_gpu/src/CMakeFiles/CMakeTmp/CheckSymbolExists.c
Linking C executable cmTC_080d5
/usr/bin/cmake -E cmake_link_script CMakeFiles/cmTC_080d5.dir/link.txt --verbose=1
/usr/bin/cc       CMakeFiles/cmTC_080d5.dir/CheckSymbolExists.c.o  -o cmTC_080d5 -rdynamic 
CMakeFiles/cmTC_080d5.dir/CheckSymbolExists.c.o: In function `main':
CheckSymbolExists.c:(.text+0x16): undefined reference to `pthread_create'
collect2: error: ld returned 1 exit status
CMakeFiles/cmTC_080d5.dir/build.make:97: recipe for target 'cmTC_080d5' failed
make[1]: *** [cmTC_080d5] Error 1
make[1]: Leaving directory '/home/amey/NDT_GPU_Autoware/autoware-623c51c8dc29f2d9d66ed6cbd39bcfb1d45183b7-ros-src-computing-perception-localization-lib-ndt_gpu/ros/src/computing/perception/localization/lib/ndt_gpu/src/CMakeFiles/CMakeTmp'
Makefile:126: recipe for target 'cmTC_080d5/fast' failed
make: *** [cmTC_080d5/fast] Error 2

File /home/amey/NDT_GPU_Autoware/autoware-623c51c8dc29f2d9d66ed6cbd39bcfb1d45183b7-ros-src-computing-perception-localization-lib-ndt_gpu/ros/src/computing/perception/localization/lib/ndt_gpu/src/CMakeFiles/CMakeTmp/CheckSymbolExists.c:
/* */
#include <pthread.h>

int main(int argc, char** argv)
{
  (void)argv;
#ifndef pthread_create
  return ((int*)(&pthread_create))[argc];
#else
  (void)argc;
  return 0;
#endif
}

Determining if the function pthread_create exists in the pthreads failed with the following output:
Change Dir: /home/amey/NDT_GPU_Autoware/autoware-623c51c8dc29f2d9d66ed6cbd39bcfb1d45183b7-ros-src-computing-perception-localization-lib-ndt_gpu/ros/src/computing/perception/localization/lib/ndt_gpu/src/CMakeFiles/CMakeTmp

Run Build Command:"/usr/bin/make" "cmTC_2b669/fast"
/usr/bin/make -f CMakeFiles/cmTC_2b669.dir/build.make CMakeFiles/cmTC_2b669.dir/build
make[1]: Entering directory '/home/amey/NDT_GPU_Autoware/autoware-623c51c8dc29f2d9d66ed6cbd39bcfb1d45183b7-ros-src-computing-perception-localization-lib-ndt_gpu/ros/src/computing/perception/localization/lib/ndt_gpu/src/CMakeFiles/CMakeTmp'
Building C object CMakeFiles/cmTC_2b669.dir/CheckFunctionExists.c.o
/usr/bin/cc    -DCHECK_FUNCTION_EXISTS=pthread_create   -o CMakeFiles/cmTC_2b669.dir/CheckFunctionExists.c.o   -c /usr/share/cmake-3.5/Modules/CheckFunctionExists.c
Linking C executable cmTC_2b669
/usr/bin/cmake -E cmake_link_script CMakeFiles/cmTC_2b669.dir/link.txt --verbose=1
/usr/bin/cc   -DCHECK_FUNCTION_EXISTS=pthread_create    CMakeFiles/cmTC_2b669.dir/CheckFunctionExists.c.o  -o cmTC_2b669 -rdynamic -lpthreads 
/usr/bin/ld: cannot find -lpthreads
collect2: error: ld returned 1 exit status
CMakeFiles/cmTC_2b669.dir/build.make:97: recipe for target 'cmTC_2b669' failed
make[1]: *** [cmTC_2b669] Error 1
make[1]: Leaving directory '/home/amey/NDT_GPU_Autoware/autoware-623c51c8dc29f2d9d66ed6cbd39bcfb1d45183b7-ros-src-computing-perception-localization-lib-ndt_gpu/ros/src/computing/perception/localization/lib/ndt_gpu/src/CMakeFiles/CMakeTmp'
Makefile:126: recipe for target 'cmTC_2b669/fast' failed
make: *** [cmTC_2b669/fast] Error 2


