Determining if the pthread_create exist failed with the following output:
Change Dir: /home/amey/NDT_openMP_ws/src/gps_umd/gps_common/build/CMakeFiles/CMakeTmp

Run Build Command:"/usr/bin/make" "cmTC_479f2/fast"
make[1]: Entering directory '/home/amey/NDT_openMP_ws/src/gps_umd/gps_common/build/CMakeFiles/CMakeTmp'
/usr/bin/make -f CMakeFiles/cmTC_479f2.dir/build.make CMakeFiles/cmTC_479f2.dir/build
make[2]: Entering directory '/home/amey/NDT_openMP_ws/src/gps_umd/gps_common/build/CMakeFiles/CMakeTmp'
Building C object CMakeFiles/cmTC_479f2.dir/CheckSymbolExists.c.o
/usr/bin/cc     -o CMakeFiles/cmTC_479f2.dir/CheckSymbolExists.c.o   -c /home/amey/NDT_openMP_ws/src/gps_umd/gps_common/build/CMakeFiles/CMakeTmp/CheckSymbolExists.c
Linking C executable cmTC_479f2
/usr/bin/cmake -E cmake_link_script CMakeFiles/cmTC_479f2.dir/link.txt --verbose=1
/usr/bin/cc       CMakeFiles/cmTC_479f2.dir/CheckSymbolExists.c.o  -o cmTC_479f2 -rdynamic 
CMakeFiles/cmTC_479f2.dir/CheckSymbolExists.c.o: In function `main':
CheckSymbolExists.c:(.text+0x16): undefined reference to `pthread_create'
collect2: error: ld returned 1 exit status
CMakeFiles/cmTC_479f2.dir/build.make:97: recipe for target 'cmTC_479f2' failed
make[2]: *** [cmTC_479f2] Error 1
make[2]: Leaving directory '/home/amey/NDT_openMP_ws/src/gps_umd/gps_common/build/CMakeFiles/CMakeTmp'
Makefile:126: recipe for target 'cmTC_479f2/fast' failed
make[1]: *** [cmTC_479f2/fast] Error 2
make[1]: Leaving directory '/home/amey/NDT_openMP_ws/src/gps_umd/gps_common/build/CMakeFiles/CMakeTmp'

File /home/amey/NDT_openMP_ws/src/gps_umd/gps_common/build/CMakeFiles/CMakeTmp/CheckSymbolExists.c:
/* */
#include <pthread.h>

int main(int argc, char** argv)
{
  (void)argv;
#ifndef pthread_create
  return ((int*)(&pthread_create))[argc];
#else
  (void)argc;
  return 0;
#endif
}

Determining if the function pthread_create exists in the pthreads failed with the following output:
Change Dir: /home/amey/NDT_openMP_ws/src/gps_umd/gps_common/build/CMakeFiles/CMakeTmp

Run Build Command:"/usr/bin/make" "cmTC_875d0/fast"
make[1]: Entering directory '/home/amey/NDT_openMP_ws/src/gps_umd/gps_common/build/CMakeFiles/CMakeTmp'
/usr/bin/make -f CMakeFiles/cmTC_875d0.dir/build.make CMakeFiles/cmTC_875d0.dir/build
make[2]: Entering directory '/home/amey/NDT_openMP_ws/src/gps_umd/gps_common/build/CMakeFiles/CMakeTmp'
Building C object CMakeFiles/cmTC_875d0.dir/CheckFunctionExists.c.o
/usr/bin/cc    -DCHECK_FUNCTION_EXISTS=pthread_create   -o CMakeFiles/cmTC_875d0.dir/CheckFunctionExists.c.o   -c /usr/share/cmake-3.5/Modules/CheckFunctionExists.c
Linking C executable cmTC_875d0
/usr/bin/cmake -E cmake_link_script CMakeFiles/cmTC_875d0.dir/link.txt --verbose=1
/usr/bin/cc   -DCHECK_FUNCTION_EXISTS=pthread_create    CMakeFiles/cmTC_875d0.dir/CheckFunctionExists.c.o  -o cmTC_875d0 -rdynamic -lpthreads 
/usr/bin/ld: cannot find -lpthreads
collect2: error: ld returned 1 exit status
CMakeFiles/cmTC_875d0.dir/build.make:97: recipe for target 'cmTC_875d0' failed
make[2]: *** [cmTC_875d0] Error 1
make[2]: Leaving directory '/home/amey/NDT_openMP_ws/src/gps_umd/gps_common/build/CMakeFiles/CMakeTmp'
Makefile:126: recipe for target 'cmTC_875d0/fast' failed
make[1]: *** [cmTC_875d0/fast] Error 2
make[1]: Leaving directory '/home/amey/NDT_openMP_ws/src/gps_umd/gps_common/build/CMakeFiles/CMakeTmp'


