Determining if the pthread_create exist failed with the following output:
Change Dir: /home/amey/NDT_GPU_Autoware/autoware-623c51c8dc29f2d9d66ed6cbd39bcfb1d45183b7-ros-src-computing-perception-localization-lib-ndt_gpu/ros/src/computing/perception/localization/lib/ndt_gpu/common-master-autoware_build_flags/autoware_build_flags/cmake/CMakeFiles/CMakeTmp

Run Build Command:"/usr/bin/make" "cmTC_7dcb0/fast"
/usr/bin/make -f CMakeFiles/cmTC_7dcb0.dir/build.make CMakeFiles/cmTC_7dcb0.dir/build
make[1]: Entering directory '/home/amey/NDT_GPU_Autoware/autoware-623c51c8dc29f2d9d66ed6cbd39bcfb1d45183b7-ros-src-computing-perception-localization-lib-ndt_gpu/ros/src/computing/perception/localization/lib/ndt_gpu/common-master-autoware_build_flags/autoware_build_flags/cmake/CMakeFiles/CMakeTmp'
Building C object CMakeFiles/cmTC_7dcb0.dir/CheckSymbolExists.c.o
/usr/bin/cc     -o CMakeFiles/cmTC_7dcb0.dir/CheckSymbolExists.c.o   -c /home/amey/NDT_GPU_Autoware/autoware-623c51c8dc29f2d9d66ed6cbd39bcfb1d45183b7-ros-src-computing-perception-localization-lib-ndt_gpu/ros/src/computing/perception/localization/lib/ndt_gpu/common-master-autoware_build_flags/autoware_build_flags/cmake/CMakeFiles/CMakeTmp/CheckSymbolExists.c
Linking C executable cmTC_7dcb0
/usr/bin/cmake -E cmake_link_script CMakeFiles/cmTC_7dcb0.dir/link.txt --verbose=1
/usr/bin/cc       CMakeFiles/cmTC_7dcb0.dir/CheckSymbolExists.c.o  -o cmTC_7dcb0 -rdynamic 
CMakeFiles/cmTC_7dcb0.dir/CheckSymbolExists.c.o: In function `main':
CheckSymbolExists.c:(.text+0x16): undefined reference to `pthread_create'
collect2: error: ld returned 1 exit status
CMakeFiles/cmTC_7dcb0.dir/build.make:97: recipe for target 'cmTC_7dcb0' failed
make[1]: *** [cmTC_7dcb0] Error 1
make[1]: Leaving directory '/home/amey/NDT_GPU_Autoware/autoware-623c51c8dc29f2d9d66ed6cbd39bcfb1d45183b7-ros-src-computing-perception-localization-lib-ndt_gpu/ros/src/computing/perception/localization/lib/ndt_gpu/common-master-autoware_build_flags/autoware_build_flags/cmake/CMakeFiles/CMakeTmp'
Makefile:126: recipe for target 'cmTC_7dcb0/fast' failed
make: *** [cmTC_7dcb0/fast] Error 2

File /home/amey/NDT_GPU_Autoware/autoware-623c51c8dc29f2d9d66ed6cbd39bcfb1d45183b7-ros-src-computing-perception-localization-lib-ndt_gpu/ros/src/computing/perception/localization/lib/ndt_gpu/common-master-autoware_build_flags/autoware_build_flags/cmake/CMakeFiles/CMakeTmp/CheckSymbolExists.c:
/* */
#include <pthread.h>

int main(int argc, char** argv)
{
  (void)argv;
#ifndef pthread_create
  return ((int*)(&pthread_create))[argc];
#else
  (void)argc;
  return 0;
#endif
}

Determining if the function pthread_create exists in the pthreads failed with the following output:
Change Dir: /home/amey/NDT_GPU_Autoware/autoware-623c51c8dc29f2d9d66ed6cbd39bcfb1d45183b7-ros-src-computing-perception-localization-lib-ndt_gpu/ros/src/computing/perception/localization/lib/ndt_gpu/common-master-autoware_build_flags/autoware_build_flags/cmake/CMakeFiles/CMakeTmp

Run Build Command:"/usr/bin/make" "cmTC_78a4b/fast"
/usr/bin/make -f CMakeFiles/cmTC_78a4b.dir/build.make CMakeFiles/cmTC_78a4b.dir/build
make[1]: Entering directory '/home/amey/NDT_GPU_Autoware/autoware-623c51c8dc29f2d9d66ed6cbd39bcfb1d45183b7-ros-src-computing-perception-localization-lib-ndt_gpu/ros/src/computing/perception/localization/lib/ndt_gpu/common-master-autoware_build_flags/autoware_build_flags/cmake/CMakeFiles/CMakeTmp'
Building C object CMakeFiles/cmTC_78a4b.dir/CheckFunctionExists.c.o
/usr/bin/cc    -DCHECK_FUNCTION_EXISTS=pthread_create   -o CMakeFiles/cmTC_78a4b.dir/CheckFunctionExists.c.o   -c /usr/share/cmake-3.5/Modules/CheckFunctionExists.c
Linking C executable cmTC_78a4b
/usr/bin/cmake -E cmake_link_script CMakeFiles/cmTC_78a4b.dir/link.txt --verbose=1
/usr/bin/cc   -DCHECK_FUNCTION_EXISTS=pthread_create    CMakeFiles/cmTC_78a4b.dir/CheckFunctionExists.c.o  -o cmTC_78a4b -rdynamic -lpthreads 
/usr/bin/ld: cannot find -lpthreads
collect2: error: ld returned 1 exit status
CMakeFiles/cmTC_78a4b.dir/build.make:97: recipe for target 'cmTC_78a4b' failed
make[1]: *** [cmTC_78a4b] Error 1
make[1]: Leaving directory '/home/amey/NDT_GPU_Autoware/autoware-623c51c8dc29f2d9d66ed6cbd39bcfb1d45183b7-ros-src-computing-perception-localization-lib-ndt_gpu/ros/src/computing/perception/localization/lib/ndt_gpu/common-master-autoware_build_flags/autoware_build_flags/cmake/CMakeFiles/CMakeTmp'
Makefile:126: recipe for target 'cmTC_78a4b/fast' failed
make: *** [cmTC_78a4b/fast] Error 2


